2024-12-01 02:42:40,844 - myapp - INFO - Bucket 'mybucket' already exists.
2024-12-01 02:42:40,851 - myapp - INFO - Connected to Kafka successfully.
2024-12-01 02:43:08,066 - myapp - INFO - Stored 'content/the-great-gatsby.txt' in MinIO.
2024-12-01 02:43:08,082 - myapp - INFO - Sent data to Kafka topic 'test-topic' with offset 338.
2024-12-01 02:43:10,811 - myapp - INFO - Stored 'content/the-great-gatsby.txt' in MinIO.
2024-12-01 02:43:10,815 - myapp - INFO - Sent data to Kafka topic 'test-topic' with offset 339.
2024-12-01 02:43:15,209 - myapp - INFO - Stored 'content/alice-in-wonderland.txt' in MinIO.
2024-12-01 02:43:15,212 - myapp - INFO - Sent data to Kafka topic 'test-topic' with offset 340.
2024-12-01 02:43:16,588 - myapp - INFO - Stored 'content/alice-in-wonderland.txt' in MinIO.
2024-12-01 02:43:16,591 - myapp - INFO - Sent data to Kafka topic 'test-topic' with offset 341.
2024-12-01 02:43:17,748 - myapp - INFO - Stored 'content/alice-in-wonderland.txt' in MinIO.
2024-12-01 02:43:17,751 - myapp - INFO - Sent data to Kafka topic 'test-topic' with offset 342.
2024-12-01 02:43:22,666 - myapp - INFO - Stored 'content/the-great-gatsby.txt' in MinIO.
2024-12-01 02:43:22,669 - myapp - INFO - Sent data to Kafka topic 'test-topic' with offset 343.
2024-12-01 02:43:25,237 - myapp - INFO - Stored 'content/romeo-and-juliet.txt' in MinIO.
2024-12-01 02:43:25,240 - myapp - INFO - Sent data to Kafka topic 'test-topic' with offset 344.
2024-12-01 02:43:30,243 - myapp - INFO - Stored 'content/the-great-gatsby.txt' in MinIO.
2024-12-01 02:43:30,248 - myapp - INFO - Sent data to Kafka topic 'test-topic' with offset 345.
2024-12-01 02:43:33,323 - myapp - INFO - Stored 'content/alice-in-wonderland.txt' in MinIO.
2024-12-01 02:43:33,326 - myapp - INFO - Sent data to Kafka topic 'test-topic' with offset 346.
2024-12-01 02:43:35,641 - myapp - INFO - Stored 'content/alice-in-wonderland.txt' in MinIO.
2024-12-01 02:43:35,646 - myapp - INFO - Sent data to Kafka topic 'test-topic' with offset 347.
2024-12-01 02:43:39,974 - myapp - INFO - Stored 'content/romeo-and-juliet.txt' in MinIO.
2024-12-01 02:43:39,980 - myapp - INFO - Sent data to Kafka topic 'test-topic' with offset 348.
2024-12-01 02:43:44,463 - myapp - INFO - Stored 'content/the-great-gatsby.txt' in MinIO.
2024-12-01 02:43:44,466 - myapp - INFO - Sent data to Kafka topic 'test-topic' with offset 349.
2024-12-01 02:43:49,256 - myapp - INFO - Stored 'content/romeo-and-juliet.txt' in MinIO.
2024-12-01 02:43:49,260 - myapp - INFO - Sent data to Kafka topic 'test-topic' with offset 350.
2024-12-01 02:43:50,833 - myapp - INFO - Stored 'content/alice-in-wonderland.txt' in MinIO.
2024-12-01 02:43:50,835 - myapp - INFO - Sent data to Kafka topic 'test-topic' with offset 351.
2024-12-01 02:43:54,467 - myapp - INFO - Stored 'content/the-great-gatsby.txt' in MinIO.
2024-12-01 02:43:54,470 - myapp - INFO - Sent data to Kafka topic 'test-topic' with offset 352.
2024-12-01 02:43:59,447 - myapp - INFO - Stored 'content/romeo-and-juliet.txt' in MinIO.
2024-12-01 02:43:59,452 - myapp - INFO - Sent data to Kafka topic 'test-topic' with offset 353.
2024-12-01 02:44:02,631 - myapp - INFO - Stored 'content/the-great-gatsby.txt' in MinIO.
2024-12-01 02:44:02,634 - myapp - INFO - Sent data to Kafka topic 'test-topic' with offset 354.
2024-12-01 02:44:07,196 - myapp - INFO - Stored 'content/the-great-gatsby.txt' in MinIO.
2024-12-01 02:44:07,200 - myapp - INFO - Sent data to Kafka topic 'test-topic' with offset 355.
2024-12-01 02:44:09,649 - myapp - INFO - Stored 'content/alice-in-wonderland.txt' in MinIO.
2024-12-01 02:44:09,651 - myapp - INFO - Sent data to Kafka topic 'test-topic' with offset 356.
2024-12-01 02:44:13,502 - myapp - INFO - Stored 'content/alice-in-wonderland.txt' in MinIO.
2024-12-01 02:44:13,505 - myapp - INFO - Sent data to Kafka topic 'test-topic' with offset 357.
2024-12-01 02:44:17,273 - myapp - INFO - Stored 'content/romeo-and-juliet.txt' in MinIO.
2024-12-01 02:44:17,276 - myapp - INFO - Sent data to Kafka topic 'test-topic' with offset 358.
2024-12-01 02:44:21,714 - myapp - INFO - Stored 'content/alice-in-wonderland.txt' in MinIO.
2024-12-01 02:44:21,716 - myapp - INFO - Sent data to Kafka topic 'test-topic' with offset 359.
2024-12-01 02:44:26,468 - myapp - INFO - Stored 'content/romeo-and-juliet.txt' in MinIO.
2024-12-01 02:44:26,470 - myapp - INFO - Sent data to Kafka topic 'test-topic' with offset 360.
2024-12-01 02:44:28,738 - myapp - INFO - Stored 'content/romeo-and-juliet.txt' in MinIO.
2024-12-01 02:44:28,741 - myapp - INFO - Sent data to Kafka topic 'test-topic' with offset 361.
2024-12-01 02:44:30,160 - myapp - INFO - Stored 'content/the-great-gatsby.txt' in MinIO.
2024-12-01 02:44:30,162 - myapp - INFO - Sent data to Kafka topic 'test-topic' with offset 362.
2024-12-01 02:44:32,744 - myapp - INFO - Stored 'content/romeo-and-juliet.txt' in MinIO.
2024-12-01 02:44:32,748 - myapp - INFO - Sent data to Kafka topic 'test-topic' with offset 363.
2024-12-01 02:44:36,784 - myapp - INFO - Stored 'content/romeo-and-juliet.txt' in MinIO.
2024-12-01 02:44:36,787 - myapp - INFO - Sent data to Kafka topic 'test-topic' with offset 364.
2024-12-01 02:44:40,531 - myapp - INFO - Stored 'content/the-great-gatsby.txt' in MinIO.
2024-12-01 02:44:40,536 - myapp - INFO - Sent data to Kafka topic 'test-topic' with offset 365.
2024-12-01 02:44:43,032 - myapp - INFO - Stored 'content/alice-in-wonderland.txt' in MinIO.
2024-12-01 02:44:43,034 - myapp - INFO - Sent data to Kafka topic 'test-topic' with offset 366.
2024-12-01 02:44:44,451 - myapp - INFO - Stored 'content/alice-in-wonderland.txt' in MinIO.
2024-12-01 02:44:44,453 - myapp - INFO - Sent data to Kafka topic 'test-topic' with offset 367.
2024-12-01 02:44:46,671 - myapp - INFO - Stored 'content/the-great-gatsby.txt' in MinIO.
2024-12-01 02:44:46,674 - myapp - INFO - Sent data to Kafka topic 'test-topic' with offset 368.
2024-12-01 02:44:51,142 - myapp - INFO - Stored 'content/romeo-and-juliet.txt' in MinIO.
2024-12-01 02:44:51,146 - myapp - INFO - Sent data to Kafka topic 'test-topic' with offset 369.
2024-12-01 02:44:52,699 - myapp - INFO - Stored 'content/alice-in-wonderland.txt' in MinIO.
2024-12-01 02:44:52,700 - myapp - INFO - Sent data to Kafka topic 'test-topic' with offset 370.
2024-12-01 02:44:57,135 - myapp - INFO - Stored 'content/the-great-gatsby.txt' in MinIO.
2024-12-01 02:44:57,137 - myapp - INFO - Sent data to Kafka topic 'test-topic' with offset 371.
2024-12-01 02:45:00,949 - myapp - INFO - Stored 'content/the-great-gatsby.txt' in MinIO.
2024-12-01 02:45:00,951 - myapp - INFO - Sent data to Kafka topic 'test-topic' with offset 372.
2024-12-01 02:45:02,017 - myapp - INFO - Stored 'content/the-great-gatsby.txt' in MinIO.
2024-12-01 02:45:02,019 - myapp - INFO - Sent data to Kafka topic 'test-topic' with offset 373.
2024-12-01 02:45:06,799 - myapp - INFO - Stored 'content/alice-in-wonderland.txt' in MinIO.
2024-12-01 02:45:06,802 - myapp - INFO - Sent data to Kafka topic 'test-topic' with offset 374.
2024-12-01 02:45:08,597 - myapp - INFO - Stored 'content/alice-in-wonderland.txt' in MinIO.
2024-12-01 02:45:08,600 - myapp - INFO - Sent data to Kafka topic 'test-topic' with offset 375.
2024-12-01 02:45:11,103 - myapp - INFO - Stored 'content/romeo-and-juliet.txt' in MinIO.
2024-12-01 02:45:11,105 - myapp - INFO - Sent data to Kafka topic 'test-topic' with offset 376.
2024-12-01 02:45:14,593 - myapp - INFO - Stored 'content/romeo-and-juliet.txt' in MinIO.
2024-12-01 02:45:14,596 - myapp - INFO - Sent data to Kafka topic 'test-topic' with offset 377.
2024-12-01 02:45:18,912 - myapp - INFO - Stored 'content/alice-in-wonderland.txt' in MinIO.
2024-12-01 02:45:18,914 - myapp - INFO - Sent data to Kafka topic 'test-topic' with offset 378.
2024-12-01 02:45:20,560 - myapp - INFO - Stored 'content/the-great-gatsby.txt' in MinIO.
2024-12-01 02:45:20,562 - myapp - INFO - Sent data to Kafka topic 'test-topic' with offset 379.
2024-12-01 02:45:21,979 - myapp - INFO - Stored 'content/romeo-and-juliet.txt' in MinIO.
2024-12-01 02:45:21,981 - myapp - INFO - Sent data to Kafka topic 'test-topic' with offset 380.
2024-12-01 02:45:24,247 - myapp - INFO - Stored 'content/romeo-and-juliet.txt' in MinIO.
2024-12-01 02:45:24,250 - myapp - INFO - Sent data to Kafka topic 'test-topic' with offset 381.
2024-12-01 02:45:26,922 - myapp - INFO - Stored 'content/the-great-gatsby.txt' in MinIO.
2024-12-01 02:45:26,926 - myapp - INFO - Sent data to Kafka topic 'test-topic' with offset 382.
2024-12-01 02:45:31,388 - myapp - INFO - Stored 'content/the-great-gatsby.txt' in MinIO.
2024-12-01 02:45:31,391 - myapp - INFO - Sent data to Kafka topic 'test-topic' with offset 383.
2024-12-01 02:45:35,042 - myapp - INFO - Stored 'content/romeo-and-juliet.txt' in MinIO.
2024-12-01 02:45:35,046 - myapp - INFO - Sent data to Kafka topic 'test-topic' with offset 384.
2024-12-01 02:45:38,984 - myapp - INFO - Stored 'content/romeo-and-juliet.txt' in MinIO.
2024-12-01 02:45:38,986 - myapp - INFO - Sent data to Kafka topic 'test-topic' with offset 385.
2024-12-01 02:45:41,343 - myapp - INFO - Stored 'content/romeo-and-juliet.txt' in MinIO.
2024-12-01 02:45:41,345 - myapp - INFO - Sent data to Kafka topic 'test-topic' with offset 386.
2024-12-01 02:45:43,127 - myapp - INFO - Stored 'content/alice-in-wonderland.txt' in MinIO.
2024-12-01 02:45:43,129 - myapp - INFO - Sent data to Kafka topic 'test-topic' with offset 387.
2024-12-01 02:45:46,490 - myapp - INFO - Stored 'content/alice-in-wonderland.txt' in MinIO.
2024-12-01 02:45:46,492 - myapp - INFO - Sent data to Kafka topic 'test-topic' with offset 388.
2024-12-01 02:45:48,841 - myapp - INFO - Stored 'content/alice-in-wonderland.txt' in MinIO.
2024-12-01 02:45:48,843 - myapp - INFO - Sent data to Kafka topic 'test-topic' with offset 389.
2024-12-01 02:45:50,313 - myapp - INFO - Stored 'content/romeo-and-juliet.txt' in MinIO.
2024-12-01 02:45:50,317 - myapp - INFO - Sent data to Kafka topic 'test-topic' with offset 390.
2024-12-01 02:45:52,124 - myapp - INFO - Stored 'content/alice-in-wonderland.txt' in MinIO.
2024-12-01 02:45:52,126 - myapp - INFO - Sent data to Kafka topic 'test-topic' with offset 391.
2024-12-01 02:45:55,197 - myapp - INFO - Stored 'content/romeo-and-juliet.txt' in MinIO.
2024-12-01 02:45:55,199 - myapp - INFO - Sent data to Kafka topic 'test-topic' with offset 392.
2024-12-01 02:45:57,675 - myapp - INFO - Stored 'content/romeo-and-juliet.txt' in MinIO.
2024-12-01 02:45:57,679 - myapp - INFO - Sent data to Kafka topic 'test-topic' with offset 393.
2024-12-01 02:46:02,452 - myapp - INFO - Stored 'content/romeo-and-juliet.txt' in MinIO.
2024-12-01 02:46:02,455 - myapp - INFO - Sent data to Kafka topic 'test-topic' with offset 394.
2024-12-01 02:46:05,679 - myapp - INFO - Stored 'content/the-great-gatsby.txt' in MinIO.
2024-12-01 02:46:05,684 - myapp - INFO - Sent data to Kafka topic 'test-topic' with offset 395.
2024-12-01 02:46:09,231 - myapp - INFO - Stored 'content/romeo-and-juliet.txt' in MinIO.
2024-12-01 02:46:09,233 - myapp - INFO - Sent data to Kafka topic 'test-topic' with offset 396.
2024-12-01 02:46:11,421 - myapp - INFO - Stored 'content/the-great-gatsby.txt' in MinIO.
2024-12-01 02:46:11,423 - myapp - INFO - Sent data to Kafka topic 'test-topic' with offset 397.
2024-12-01 02:46:13,043 - myapp - INFO - Stored 'content/romeo-and-juliet.txt' in MinIO.
2024-12-01 02:46:13,046 - myapp - INFO - Sent data to Kafka topic 'test-topic' with offset 398.
2024-12-01 02:46:14,348 - myapp - INFO - Stored 'content/the-great-gatsby.txt' in MinIO.
2024-12-01 02:46:14,350 - myapp - INFO - Sent data to Kafka topic 'test-topic' with offset 399.
2024-12-01 02:46:16,974 - myapp - INFO - Stored 'content/romeo-and-juliet.txt' in MinIO.
2024-12-01 02:46:16,977 - myapp - INFO - Sent data to Kafka topic 'test-topic' with offset 400.
2024-12-01 02:46:20,830 - myapp - INFO - Stored 'content/alice-in-wonderland.txt' in MinIO.
2024-12-01 02:46:20,832 - myapp - INFO - Sent data to Kafka topic 'test-topic' with offset 401.
2024-12-01 02:46:25,503 - myapp - INFO - Stored 'content/alice-in-wonderland.txt' in MinIO.
2024-12-01 02:46:25,506 - myapp - INFO - Sent data to Kafka topic 'test-topic' with offset 402.
2024-12-01 02:46:26,669 - myapp - INFO - Stored 'content/alice-in-wonderland.txt' in MinIO.
2024-12-01 02:46:26,671 - myapp - INFO - Sent data to Kafka topic 'test-topic' with offset 403.
2024-12-01 02:46:29,028 - myapp - INFO - Stored 'content/alice-in-wonderland.txt' in MinIO.
2024-12-01 02:46:29,031 - myapp - INFO - Sent data to Kafka topic 'test-topic' with offset 404.
2024-12-01 02:46:31,081 - myapp - INFO - Stored 'content/the-great-gatsby.txt' in MinIO.
2024-12-01 02:46:31,085 - myapp - INFO - Sent data to Kafka topic 'test-topic' with offset 405.
2024-12-01 02:46:34,587 - myapp - INFO - Stored 'content/romeo-and-juliet.txt' in MinIO.
2024-12-01 02:46:34,590 - myapp - INFO - Sent data to Kafka topic 'test-topic' with offset 406.
2024-12-01 02:46:37,738 - myapp - INFO - Stored 'content/romeo-and-juliet.txt' in MinIO.
2024-12-01 02:46:37,742 - myapp - INFO - Sent data to Kafka topic 'test-topic' with offset 407.
2024-12-01 02:46:39,487 - myapp - INFO - Stored 'content/romeo-and-juliet.txt' in MinIO.
2024-12-01 02:46:39,489 - myapp - INFO - Sent data to Kafka topic 'test-topic' with offset 408.
2024-12-01 02:46:43,756 - myapp - INFO - Stored 'content/alice-in-wonderland.txt' in MinIO.
2024-12-01 02:46:43,760 - myapp - INFO - Sent data to Kafka topic 'test-topic' with offset 409.
2024-12-01 02:46:45,255 - myapp - INFO - Stored 'content/romeo-and-juliet.txt' in MinIO.
2024-12-01 02:46:45,257 - myapp - INFO - Sent data to Kafka topic 'test-topic' with offset 410.
2024-12-01 02:46:48,469 - myapp - INFO - Stored 'content/the-great-gatsby.txt' in MinIO.
2024-12-01 02:46:48,471 - myapp - INFO - Sent data to Kafka topic 'test-topic' with offset 411.
2024-12-01 02:46:53,221 - myapp - INFO - Stored 'content/alice-in-wonderland.txt' in MinIO.
2024-12-01 02:46:53,226 - myapp - INFO - Sent data to Kafka topic 'test-topic' with offset 412.
2024-12-01 02:46:57,011 - myapp - INFO - Stored 'content/alice-in-wonderland.txt' in MinIO.
2024-12-01 02:46:57,015 - myapp - INFO - Sent data to Kafka topic 'test-topic' with offset 413.
2024-12-01 02:46:58,557 - myapp - INFO - Stored 'content/romeo-and-juliet.txt' in MinIO.
2024-12-01 02:46:58,560 - myapp - INFO - Sent data to Kafka topic 'test-topic' with offset 414.
2024-12-01 02:47:00,579 - myapp - INFO - Stored 'content/the-great-gatsby.txt' in MinIO.
2024-12-01 02:47:00,581 - myapp - INFO - Sent data to Kafka topic 'test-topic' with offset 415.
2024-12-01 02:47:02,865 - myapp - INFO - Stored 'content/alice-in-wonderland.txt' in MinIO.
2024-12-01 02:47:02,867 - myapp - INFO - Sent data to Kafka topic 'test-topic' with offset 416.
2024-12-01 02:47:04,471 - myapp - INFO - Stored 'content/the-great-gatsby.txt' in MinIO.
2024-12-01 02:47:04,475 - myapp - INFO - Sent data to Kafka topic 'test-topic' with offset 417.
2024-12-01 02:47:07,251 - myapp - INFO - Stored 'content/the-great-gatsby.txt' in MinIO.
2024-12-01 02:47:07,253 - myapp - INFO - Sent data to Kafka topic 'test-topic' with offset 418.
2024-12-01 02:47:12,218 - myapp - INFO - Stored 'content/the-great-gatsby.txt' in MinIO.
2024-12-01 02:47:12,220 - myapp - INFO - Sent data to Kafka topic 'test-topic' with offset 419.
2024-12-01 02:47:13,453 - myapp - INFO - Stored 'content/romeo-and-juliet.txt' in MinIO.
2024-12-01 02:47:13,455 - myapp - INFO - Sent data to Kafka topic 'test-topic' with offset 420.
2024-12-01 02:47:15,685 - myapp - INFO - Stored 'content/the-great-gatsby.txt' in MinIO.
2024-12-01 02:47:15,689 - myapp - INFO - Sent data to Kafka topic 'test-topic' with offset 421.
2024-12-01 02:47:17,253 - myapp - INFO - Stored 'content/alice-in-wonderland.txt' in MinIO.
2024-12-01 02:47:17,255 - myapp - INFO - Sent data to Kafka topic 'test-topic' with offset 422.
2024-12-01 02:47:22,049 - myapp - INFO - Stored 'content/romeo-and-juliet.txt' in MinIO.
2024-12-01 02:47:22,051 - myapp - INFO - Sent data to Kafka topic 'test-topic' with offset 423.
2024-12-01 02:47:26,602 - myapp - INFO - Stored 'content/romeo-and-juliet.txt' in MinIO.
2024-12-01 02:47:26,604 - myapp - INFO - Sent data to Kafka topic 'test-topic' with offset 424.
2024-12-01 02:47:29,666 - myapp - INFO - Stored 'content/alice-in-wonderland.txt' in MinIO.
2024-12-01 02:47:29,668 - myapp - INFO - Sent data to Kafka topic 'test-topic' with offset 425.
2024-12-01 02:47:34,737 - myapp - INFO - Stored 'content/the-great-gatsby.txt' in MinIO.
2024-12-01 02:47:34,739 - myapp - INFO - Sent data to Kafka topic 'test-topic' with offset 426.
2024-12-01 02:47:38,222 - myapp - INFO - Stored 'content/romeo-and-juliet.txt' in MinIO.
2024-12-01 02:47:38,224 - myapp - INFO - Sent data to Kafka topic 'test-topic' with offset 427.
2024-12-01 02:47:41,211 - myapp - INFO - Stored 'content/romeo-and-juliet.txt' in MinIO.
2024-12-01 02:47:41,216 - myapp - INFO - Sent data to Kafka topic 'test-topic' with offset 428.
2024-12-01 02:47:42,910 - myapp - INFO - Stored 'content/alice-in-wonderland.txt' in MinIO.
2024-12-01 02:47:42,912 - myapp - INFO - Sent data to Kafka topic 'test-topic' with offset 429.
2024-12-01 02:47:47,731 - myapp - INFO - Stored 'content/the-great-gatsby.txt' in MinIO.
2024-12-01 02:47:47,733 - myapp - INFO - Sent data to Kafka topic 'test-topic' with offset 430.
2024-12-01 02:47:52,416 - myapp - INFO - Stored 'content/alice-in-wonderland.txt' in MinIO.
2024-12-01 02:47:52,418 - myapp - INFO - Sent data to Kafka topic 'test-topic' with offset 431.
2024-12-01 02:47:54,613 - myapp - INFO - Stored 'content/the-great-gatsby.txt' in MinIO.
2024-12-01 02:47:54,615 - myapp - INFO - Sent data to Kafka topic 'test-topic' with offset 432.
2024-12-01 02:47:59,368 - myapp - INFO - Stored 'content/romeo-and-juliet.txt' in MinIO.
2024-12-01 02:47:59,370 - myapp - INFO - Sent data to Kafka topic 'test-topic' with offset 433.
2024-12-01 02:48:02,745 - myapp - INFO - Stored 'content/romeo-and-juliet.txt' in MinIO.
2024-12-01 02:48:02,747 - myapp - INFO - Sent data to Kafka topic 'test-topic' with offset 434.
2024-12-01 02:48:07,898 - myapp - INFO - Stored 'content/alice-in-wonderland.txt' in MinIO.
2024-12-01 02:48:07,901 - myapp - INFO - Sent data to Kafka topic 'test-topic' with offset 435.
2024-12-01 02:48:11,805 - myapp - INFO - Stored 'content/the-great-gatsby.txt' in MinIO.
2024-12-01 02:48:11,807 - myapp - INFO - Sent data to Kafka topic 'test-topic' with offset 436.
2024-12-01 02:54:00,328 - myapp - INFO - Bucket 'mybucket' already exists.
2024-12-01 02:54:00,338 - myapp - INFO - Connected to Kafka successfully.
2024-12-01 02:54:03,661 - myapp - INFO - Stored 'content/romeo-and-juliet.txt' in MinIO.
2024-12-01 02:54:03,685 - myapp - INFO - Sent data to Kafka topic 'test-topic' with offset 437.
2024-12-01 02:54:08,156 - myapp - INFO - Stored 'content/alice-in-wonderland.txt' in MinIO.
2024-12-01 02:54:08,159 - myapp - INFO - Sent data to Kafka topic 'test-topic' with offset 438.
2024-12-01 02:54:13,023 - myapp - INFO - Stored 'content/alice-in-wonderland.txt' in MinIO.
2024-12-01 02:54:13,026 - myapp - INFO - Sent data to Kafka topic 'test-topic' with offset 439.
2024-12-01 02:54:15,586 - myapp - INFO - Stored 'content/the-great-gatsby.txt' in MinIO.
2024-12-01 02:54:15,589 - myapp - INFO - Sent data to Kafka topic 'test-topic' with offset 440.
2024-12-01 02:54:19,118 - myapp - INFO - Stored 'content/the-great-gatsby.txt' in MinIO.
2024-12-01 02:54:19,122 - myapp - INFO - Sent data to Kafka topic 'test-topic' with offset 441.
2024-12-01 02:54:22,941 - myapp - INFO - Stored 'content/alice-in-wonderland.txt' in MinIO.
2024-12-01 02:54:22,946 - myapp - INFO - Sent data to Kafka topic 'test-topic' with offset 442.
2024-12-01 02:54:25,924 - myapp - INFO - Stored 'content/the-great-gatsby.txt' in MinIO.
2024-12-01 02:54:25,928 - myapp - INFO - Sent data to Kafka topic 'test-topic' with offset 443.
2024-12-01 02:54:29,561 - myapp - INFO - Stored 'content/alice-in-wonderland.txt' in MinIO.
2024-12-01 02:54:29,564 - myapp - INFO - Sent data to Kafka topic 'test-topic' with offset 444.
2024-12-01 02:54:33,306 - myapp - INFO - Stored 'content/the-great-gatsby.txt' in MinIO.
2024-12-01 02:54:33,310 - myapp - INFO - Sent data to Kafka topic 'test-topic' with offset 445.
2024-12-01 02:54:38,127 - myapp - INFO - Stored 'content/alice-in-wonderland.txt' in MinIO.
2024-12-01 02:54:38,130 - myapp - INFO - Sent data to Kafka topic 'test-topic' with offset 446.
2024-12-01 02:54:40,026 - myapp - INFO - Stored 'content/romeo-and-juliet.txt' in MinIO.
2024-12-01 02:54:40,030 - myapp - INFO - Sent data to Kafka topic 'test-topic' with offset 447.
2024-12-01 10:31:08,762 - myapp - INFO - Bucket 'mybucket' created.
2024-12-01 10:31:08,770 - myapp - INFO - Connected to Kafka successfully.
2024-12-01 10:31:38,308 - myapp - INFO - Stored 'content/the-great-gatsby.txt' in MinIO.
2024-12-01 10:31:38,368 - myapp - INFO - Sent data to Kafka topic 'test-topic' with offset 0.
2024-12-01 10:31:40,883 - myapp - INFO - Stored 'content/romeo-and-juliet.txt' in MinIO.
2024-12-01 10:31:40,885 - myapp - INFO - Sent data to Kafka topic 'test-topic' with offset 1.
2024-12-01 10:31:43,800 - myapp - INFO - Stored 'content/the-great-gatsby.txt' in MinIO.
2024-12-01 10:31:43,802 - myapp - INFO - Sent data to Kafka topic 'test-topic' with offset 2.
2024-12-01 10:31:45,871 - myapp - INFO - Stored 'content/the-great-gatsby.txt' in MinIO.
2024-12-01 10:31:45,872 - myapp - INFO - Sent data to Kafka topic 'test-topic' with offset 3.
2024-12-01 10:31:47,472 - myapp - INFO - Stored 'content/the-great-gatsby.txt' in MinIO.
2024-12-01 10:31:47,474 - myapp - INFO - Sent data to Kafka topic 'test-topic' with offset 4.
2024-12-01 10:31:54,849 - myapp - INFO - Stored 'content/alice-in-wonderland.txt' in MinIO.
2024-12-01 10:31:54,851 - myapp - INFO - Sent data to Kafka topic 'test-topic' with offset 5.
2024-12-01 10:31:58,039 - myapp - INFO - Stored 'content/alice-in-wonderland.txt' in MinIO.
2024-12-01 10:31:58,040 - myapp - INFO - Sent data to Kafka topic 'test-topic' with offset 6.
2024-12-01 10:32:00,977 - myapp - INFO - Stored 'content/romeo-and-juliet.txt' in MinIO.
2024-12-01 10:32:00,979 - myapp - INFO - Sent data to Kafka topic 'test-topic' with offset 7.
2024-12-01 10:32:02,246 - myapp - INFO - Stored 'content/the-great-gatsby.txt' in MinIO.
2024-12-01 10:32:02,248 - myapp - INFO - Sent data to Kafka topic 'test-topic' with offset 8.
2024-12-01 10:32:06,393 - myapp - INFO - Stored 'content/the-great-gatsby.txt' in MinIO.
2024-12-01 10:32:06,394 - myapp - INFO - Sent data to Kafka topic 'test-topic' with offset 9.
2024-12-01 10:32:10,489 - myapp - INFO - Stored 'content/romeo-and-juliet.txt' in MinIO.
2024-12-01 10:32:10,491 - myapp - INFO - Sent data to Kafka topic 'test-topic' with offset 10.
2024-12-01 10:32:11,546 - myapp - INFO - Stored 'content/romeo-and-juliet.txt' in MinIO.
2024-12-01 10:32:11,547 - myapp - INFO - Sent data to Kafka topic 'test-topic' with offset 11.
2024-12-01 10:32:15,057 - myapp - INFO - Stored 'content/alice-in-wonderland.txt' in MinIO.
2024-12-01 10:32:15,059 - myapp - INFO - Sent data to Kafka topic 'test-topic' with offset 12.
2024-12-01 10:32:18,603 - myapp - INFO - Stored 'content/the-great-gatsby.txt' in MinIO.
2024-12-01 10:32:18,606 - myapp - INFO - Sent data to Kafka topic 'test-topic' with offset 13.
2024-12-01 10:32:20,968 - myapp - INFO - Stored 'content/romeo-and-juliet.txt' in MinIO.
2024-12-01 10:32:20,969 - myapp - INFO - Sent data to Kafka topic 'test-topic' with offset 14.
2024-12-01 10:32:26,839 - myapp - INFO - Stored 'content/romeo-and-juliet.txt' in MinIO.
2024-12-01 10:32:26,842 - myapp - INFO - Sent data to Kafka topic 'test-topic' with offset 15.
2024-12-01 10:32:28,656 - myapp - INFO - Stored 'content/romeo-and-juliet.txt' in MinIO.
2024-12-01 10:32:28,660 - myapp - INFO - Sent data to Kafka topic 'test-topic' with offset 16.
2024-12-01 10:32:31,929 - myapp - INFO - Stored 'content/alice-in-wonderland.txt' in MinIO.
2024-12-01 10:32:31,931 - myapp - INFO - Sent data to Kafka topic 'test-topic' with offset 17.
2024-12-01 10:32:33,899 - myapp - INFO - Stored 'content/romeo-and-juliet.txt' in MinIO.
2024-12-01 10:32:33,900 - myapp - INFO - Sent data to Kafka topic 'test-topic' with offset 18.
2024-12-01 10:32:38,863 - myapp - INFO - Stored 'content/the-great-gatsby.txt' in MinIO.
2024-12-01 10:32:38,866 - myapp - INFO - Sent data to Kafka topic 'test-topic' with offset 19.
2024-12-01 10:32:40,935 - myapp - INFO - Stored 'content/romeo-and-juliet.txt' in MinIO.
2024-12-01 10:32:40,937 - myapp - INFO - Sent data to Kafka topic 'test-topic' with offset 20.
2024-12-01 10:32:43,374 - myapp - INFO - Stored 'content/alice-in-wonderland.txt' in MinIO.
2024-12-01 10:32:43,376 - myapp - INFO - Sent data to Kafka topic 'test-topic' with offset 21.
2024-12-01 10:32:46,292 - myapp - INFO - Stored 'content/romeo-and-juliet.txt' in MinIO.
2024-12-01 10:32:46,294 - myapp - INFO - Sent data to Kafka topic 'test-topic' with offset 22.
2024-12-01 10:32:47,660 - myapp - INFO - Stored 'content/the-great-gatsby.txt' in MinIO.
2024-12-01 10:32:47,661 - myapp - INFO - Sent data to Kafka topic 'test-topic' with offset 23.
2024-12-01 10:32:49,816 - myapp - INFO - Stored 'content/romeo-and-juliet.txt' in MinIO.
2024-12-01 10:32:49,818 - myapp - INFO - Sent data to Kafka topic 'test-topic' with offset 24.
2024-12-01 10:32:52,229 - myapp - INFO - Stored 'content/the-great-gatsby.txt' in MinIO.
2024-12-01 10:32:52,230 - myapp - INFO - Sent data to Kafka topic 'test-topic' with offset 25.
2024-12-01 10:32:59,316 - myapp - INFO - Stored 'content/the-great-gatsby.txt' in MinIO.
2024-12-01 10:32:59,317 - myapp - INFO - Sent data to Kafka topic 'test-topic' with offset 26.
2024-12-01 10:33:03,888 - myapp - INFO - Stored 'content/the-great-gatsby.txt' in MinIO.
2024-12-01 10:33:03,890 - myapp - INFO - Sent data to Kafka topic 'test-topic' with offset 27.
2024-12-01 10:33:08,838 - myapp - INFO - Stored 'content/the-great-gatsby.txt' in MinIO.
2024-12-01 10:33:08,840 - myapp - INFO - Sent data to Kafka topic 'test-topic' with offset 28.
2024-12-01 10:33:10,841 - myapp - INFO - Stored 'content/the-great-gatsby.txt' in MinIO.
2024-12-01 10:33:10,842 - myapp - INFO - Sent data to Kafka topic 'test-topic' with offset 29.
2024-12-01 10:33:15,732 - myapp - INFO - Stored 'content/alice-in-wonderland.txt' in MinIO.
2024-12-01 10:33:15,734 - myapp - INFO - Sent data to Kafka topic 'test-topic' with offset 30.
2024-12-01 10:33:17,179 - myapp - INFO - Stored 'content/alice-in-wonderland.txt' in MinIO.
2024-12-01 10:33:17,180 - myapp - INFO - Sent data to Kafka topic 'test-topic' with offset 31.
2024-12-01 10:33:18,569 - myapp - INFO - Stored 'content/alice-in-wonderland.txt' in MinIO.
2024-12-01 10:33:18,571 - myapp - INFO - Sent data to Kafka topic 'test-topic' with offset 32.
2024-12-01 10:33:20,415 - myapp - INFO - Stored 'content/alice-in-wonderland.txt' in MinIO.
2024-12-01 10:33:20,416 - myapp - INFO - Sent data to Kafka topic 'test-topic' with offset 33.
2024-12-01 10:33:23,152 - myapp - INFO - Stored 'content/the-great-gatsby.txt' in MinIO.
2024-12-01 10:33:23,153 - myapp - INFO - Sent data to Kafka topic 'test-topic' with offset 34.
2024-12-01 10:33:26,269 - myapp - INFO - Stored 'content/romeo-and-juliet.txt' in MinIO.
2024-12-01 10:33:26,270 - myapp - INFO - Sent data to Kafka topic 'test-topic' with offset 35.
2024-12-01 10:33:31,761 - myapp - INFO - Stored 'content/the-great-gatsby.txt' in MinIO.
2024-12-01 10:33:31,763 - myapp - INFO - Sent data to Kafka topic 'test-topic' with offset 36.
2024-12-01 10:33:35,848 - myapp - INFO - Stored 'content/romeo-and-juliet.txt' in MinIO.
2024-12-01 10:33:35,849 - myapp - INFO - Sent data to Kafka topic 'test-topic' with offset 37.
2024-12-01 10:33:39,338 - myapp - INFO - Stored 'content/romeo-and-juliet.txt' in MinIO.
2024-12-01 10:33:39,342 - myapp - INFO - Sent data to Kafka topic 'test-topic' with offset 38.
2024-12-01 10:33:40,751 - myapp - INFO - Stored 'content/the-great-gatsby.txt' in MinIO.
2024-12-01 10:33:40,752 - myapp - INFO - Sent data to Kafka topic 'test-topic' with offset 39.
2024-12-01 10:33:45,555 - myapp - INFO - Stored 'content/romeo-and-juliet.txt' in MinIO.
2024-12-01 10:33:45,557 - myapp - INFO - Sent data to Kafka topic 'test-topic' with offset 40.
2024-12-01 10:33:47,768 - myapp - INFO - Stored 'content/romeo-and-juliet.txt' in MinIO.
2024-12-01 10:33:47,769 - myapp - INFO - Sent data to Kafka topic 'test-topic' with offset 41.
2024-12-01 10:33:50,654 - myapp - INFO - Stored 'content/alice-in-wonderland.txt' in MinIO.
2024-12-01 10:33:50,656 - myapp - INFO - Sent data to Kafka topic 'test-topic' with offset 42.
2024-12-01 10:33:52,646 - myapp - INFO - Stored 'content/romeo-and-juliet.txt' in MinIO.
2024-12-01 10:33:52,647 - myapp - INFO - Sent data to Kafka topic 'test-topic' with offset 43.
2024-12-01 10:33:54,875 - myapp - INFO - Stored 'content/the-great-gatsby.txt' in MinIO.
2024-12-01 10:33:54,876 - myapp - INFO - Sent data to Kafka topic 'test-topic' with offset 44.
2024-12-01 10:33:59,080 - myapp - INFO - Stored 'content/the-great-gatsby.txt' in MinIO.
2024-12-01 10:33:59,082 - myapp - INFO - Sent data to Kafka topic 'test-topic' with offset 45.
2024-12-01 10:34:06,275 - myapp - INFO - Stored 'content/the-great-gatsby.txt' in MinIO.
2024-12-01 10:34:06,277 - myapp - INFO - Sent data to Kafka topic 'test-topic' with offset 46.
2024-12-01 10:34:08,026 - myapp - INFO - Stored 'content/romeo-and-juliet.txt' in MinIO.
2024-12-01 10:34:08,027 - myapp - INFO - Sent data to Kafka topic 'test-topic' with offset 47.
2024-12-01 10:34:11,257 - myapp - INFO - Stored 'content/alice-in-wonderland.txt' in MinIO.
2024-12-01 10:34:11,259 - myapp - INFO - Sent data to Kafka topic 'test-topic' with offset 48.
2024-12-01 10:34:12,567 - myapp - INFO - Stored 'content/romeo-and-juliet.txt' in MinIO.
2024-12-01 10:34:12,569 - myapp - INFO - Sent data to Kafka topic 'test-topic' with offset 49.
2024-12-01 10:34:15,344 - myapp - INFO - Stored 'content/alice-in-wonderland.txt' in MinIO.
2024-12-01 10:34:15,346 - myapp - INFO - Sent data to Kafka topic 'test-topic' with offset 50.
2024-12-01 10:34:16,995 - myapp - INFO - Stored 'content/the-great-gatsby.txt' in MinIO.
2024-12-01 10:34:16,997 - myapp - INFO - Sent data to Kafka topic 'test-topic' with offset 51.
2024-12-01 10:34:18,326 - myapp - INFO - Stored 'content/alice-in-wonderland.txt' in MinIO.
2024-12-01 10:34:18,328 - myapp - INFO - Sent data to Kafka topic 'test-topic' with offset 52.
2024-12-01 10:34:21,602 - myapp - INFO - Stored 'content/the-great-gatsby.txt' in MinIO.
2024-12-01 10:34:21,604 - myapp - INFO - Sent data to Kafka topic 'test-topic' with offset 53.
2024-12-01 10:34:23,004 - myapp - INFO - Stored 'content/romeo-and-juliet.txt' in MinIO.
2024-12-01 10:34:23,005 - myapp - INFO - Sent data to Kafka topic 'test-topic' with offset 54.
2024-12-01 10:34:27,977 - myapp - INFO - Stored 'content/the-great-gatsby.txt' in MinIO.
2024-12-01 10:34:27,979 - myapp - INFO - Sent data to Kafka topic 'test-topic' with offset 55.
2024-12-01 10:34:29,580 - myapp - INFO - Stored 'content/alice-in-wonderland.txt' in MinIO.
2024-12-01 10:34:29,582 - myapp - INFO - Sent data to Kafka topic 'test-topic' with offset 56.
2024-12-01 10:34:36,564 - myapp - INFO - Stored 'content/the-great-gatsby.txt' in MinIO.
2024-12-01 10:34:36,566 - myapp - INFO - Sent data to Kafka topic 'test-topic' with offset 57.
2024-12-01 10:34:39,639 - myapp - INFO - Stored 'content/romeo-and-juliet.txt' in MinIO.
2024-12-01 10:34:39,641 - myapp - INFO - Sent data to Kafka topic 'test-topic' with offset 58.
2024-12-01 10:34:42,029 - myapp - INFO - Stored 'content/alice-in-wonderland.txt' in MinIO.
2024-12-01 10:34:42,030 - myapp - INFO - Sent data to Kafka topic 'test-topic' with offset 59.
2024-12-01 10:34:43,925 - myapp - INFO - Stored 'content/romeo-and-juliet.txt' in MinIO.
2024-12-01 10:34:43,926 - myapp - INFO - Sent data to Kafka topic 'test-topic' with offset 60.
2024-12-01 10:34:47,613 - myapp - INFO - Stored 'content/romeo-and-juliet.txt' in MinIO.
2024-12-01 10:34:47,615 - myapp - INFO - Sent data to Kafka topic 'test-topic' with offset 61.
2024-12-01 10:34:49,971 - myapp - INFO - Stored 'content/alice-in-wonderland.txt' in MinIO.
2024-12-01 10:34:49,973 - myapp - INFO - Sent data to Kafka topic 'test-topic' with offset 62.
2024-12-01 10:34:51,571 - myapp - INFO - Stored 'content/romeo-and-juliet.txt' in MinIO.
2024-12-01 10:34:51,572 - myapp - INFO - Sent data to Kafka topic 'test-topic' with offset 63.
2024-12-01 10:34:53,648 - myapp - INFO - Stored 'content/alice-in-wonderland.txt' in MinIO.
2024-12-01 10:34:53,650 - myapp - INFO - Sent data to Kafka topic 'test-topic' with offset 64.
2024-12-01 10:34:57,317 - myapp - INFO - Stored 'content/the-great-gatsby.txt' in MinIO.
2024-12-01 10:34:57,319 - myapp - INFO - Sent data to Kafka topic 'test-topic' with offset 65.
2024-12-01 10:35:02,178 - myapp - INFO - Stored 'content/alice-in-wonderland.txt' in MinIO.
2024-12-01 10:35:02,179 - myapp - INFO - Sent data to Kafka topic 'test-topic' with offset 66.
2024-12-01 10:35:07,367 - myapp - INFO - Stored 'content/alice-in-wonderland.txt' in MinIO.
2024-12-01 10:35:07,369 - myapp - INFO - Sent data to Kafka topic 'test-topic' with offset 67.
2024-12-01 10:35:10,887 - myapp - INFO - Stored 'content/the-great-gatsby.txt' in MinIO.
2024-12-01 10:35:10,889 - myapp - INFO - Sent data to Kafka topic 'test-topic' with offset 68.
2024-12-01 10:35:12,347 - myapp - INFO - Stored 'content/romeo-and-juliet.txt' in MinIO.
2024-12-01 10:35:12,349 - myapp - INFO - Sent data to Kafka topic 'test-topic' with offset 69.
2024-12-01 10:35:16,299 - myapp - INFO - Stored 'content/romeo-and-juliet.txt' in MinIO.
2024-12-01 10:35:16,301 - myapp - INFO - Sent data to Kafka topic 'test-topic' with offset 70.
2024-12-01 10:35:19,636 - myapp - INFO - Stored 'content/alice-in-wonderland.txt' in MinIO.
2024-12-01 10:35:19,638 - myapp - INFO - Sent data to Kafka topic 'test-topic' with offset 71.
2024-12-01 10:35:26,702 - myapp - INFO - Stored 'content/the-great-gatsby.txt' in MinIO.
2024-12-01 10:35:26,704 - myapp - INFO - Sent data to Kafka topic 'test-topic' with offset 72.
2024-12-01 10:35:31,326 - myapp - INFO - Stored 'content/alice-in-wonderland.txt' in MinIO.
2024-12-01 10:35:31,328 - myapp - INFO - Sent data to Kafka topic 'test-topic' with offset 73.
2024-12-01 10:35:36,231 - myapp - INFO - Stored 'content/alice-in-wonderland.txt' in MinIO.
2024-12-01 10:35:36,232 - myapp - INFO - Sent data to Kafka topic 'test-topic' with offset 74.
2024-12-01 10:35:41,330 - myapp - INFO - Stored 'content/romeo-and-juliet.txt' in MinIO.
2024-12-01 10:35:41,332 - myapp - INFO - Sent data to Kafka topic 'test-topic' with offset 75.
2024-12-01 10:35:44,676 - myapp - INFO - Stored 'content/romeo-and-juliet.txt' in MinIO.
2024-12-01 10:35:44,677 - myapp - INFO - Sent data to Kafka topic 'test-topic' with offset 76.
2024-12-01 10:35:48,529 - myapp - INFO - Stored 'content/the-great-gatsby.txt' in MinIO.
2024-12-01 10:35:48,530 - myapp - INFO - Sent data to Kafka topic 'test-topic' with offset 77.
2024-12-01 10:35:52,951 - myapp - INFO - Stored 'content/romeo-and-juliet.txt' in MinIO.
2024-12-01 10:35:52,953 - myapp - INFO - Sent data to Kafka topic 'test-topic' with offset 78.
2024-12-01 10:35:56,919 - myapp - INFO - Stored 'content/the-great-gatsby.txt' in MinIO.
2024-12-01 10:35:56,921 - myapp - INFO - Sent data to Kafka topic 'test-topic' with offset 79.
2024-12-01 10:35:57,983 - myapp - INFO - Stored 'content/the-great-gatsby.txt' in MinIO.
2024-12-01 10:35:57,985 - myapp - INFO - Sent data to Kafka topic 'test-topic' with offset 80.
2024-12-01 10:36:00,323 - myapp - INFO - Stored 'content/the-great-gatsby.txt' in MinIO.
2024-12-01 10:36:00,324 - myapp - INFO - Sent data to Kafka topic 'test-topic' with offset 81.
2024-12-01 10:36:02,336 - myapp - INFO - Stored 'content/the-great-gatsby.txt' in MinIO.
2024-12-01 10:36:02,337 - myapp - INFO - Sent data to Kafka topic 'test-topic' with offset 82.
2024-12-01 10:36:05,033 - myapp - INFO - Stored 'content/the-great-gatsby.txt' in MinIO.
2024-12-01 10:36:05,034 - myapp - INFO - Sent data to Kafka topic 'test-topic' with offset 83.
2024-12-01 10:36:12,364 - myapp - INFO - Stored 'content/the-great-gatsby.txt' in MinIO.
2024-12-01 10:36:12,366 - myapp - INFO - Sent data to Kafka topic 'test-topic' with offset 84.
2024-12-01 10:36:15,260 - myapp - INFO - Stored 'content/romeo-and-juliet.txt' in MinIO.
2024-12-01 10:36:15,262 - myapp - INFO - Sent data to Kafka topic 'test-topic' with offset 85.
2024-12-01 10:36:18,630 - myapp - INFO - Stored 'content/alice-in-wonderland.txt' in MinIO.
2024-12-01 10:36:18,631 - myapp - INFO - Sent data to Kafka topic 'test-topic' with offset 86.
2024-12-01 10:36:21,230 - myapp - INFO - Stored 'content/alice-in-wonderland.txt' in MinIO.
2024-12-01 10:36:21,231 - myapp - INFO - Sent data to Kafka topic 'test-topic' with offset 87.
2024-12-01 10:36:23,866 - myapp - INFO - Stored 'content/alice-in-wonderland.txt' in MinIO.
2024-12-01 10:36:23,867 - myapp - INFO - Sent data to Kafka topic 'test-topic' with offset 88.
2024-12-01 10:36:25,990 - myapp - INFO - Stored 'content/the-great-gatsby.txt' in MinIO.
2024-12-01 10:36:25,992 - myapp - INFO - Sent data to Kafka topic 'test-topic' with offset 89.
2024-12-01 10:36:30,950 - myapp - INFO - Stored 'content/romeo-and-juliet.txt' in MinIO.
2024-12-01 10:36:30,951 - myapp - INFO - Sent data to Kafka topic 'test-topic' with offset 90.
2024-12-01 10:36:32,518 - myapp - INFO - Stored 'content/romeo-and-juliet.txt' in MinIO.
2024-12-01 10:36:32,520 - myapp - INFO - Sent data to Kafka topic 'test-topic' with offset 91.
2024-12-01 10:36:33,595 - myapp - INFO - Stored 'content/romeo-and-juliet.txt' in MinIO.
2024-12-01 10:36:33,598 - myapp - INFO - Sent data to Kafka topic 'test-topic' with offset 92.
2024-12-01 10:36:37,862 - myapp - INFO - Stored 'content/alice-in-wonderland.txt' in MinIO.
2024-12-01 10:36:37,864 - myapp - INFO - Sent data to Kafka topic 'test-topic' with offset 93.
2024-12-01 10:36:39,635 - myapp - INFO - Stored 'content/alice-in-wonderland.txt' in MinIO.
2024-12-01 10:36:39,636 - myapp - INFO - Sent data to Kafka topic 'test-topic' with offset 94.
2024-12-01 10:36:45,931 - myapp - INFO - Stored 'content/the-great-gatsby.txt' in MinIO.
2024-12-01 10:36:45,933 - myapp - INFO - Sent data to Kafka topic 'test-topic' with offset 95.
2024-12-01 10:36:49,358 - myapp - INFO - Stored 'content/romeo-and-juliet.txt' in MinIO.
2024-12-01 10:36:49,359 - myapp - INFO - Sent data to Kafka topic 'test-topic' with offset 96.
2024-12-01 10:36:51,359 - myapp - INFO - Stored 'content/the-great-gatsby.txt' in MinIO.
2024-12-01 10:36:51,360 - myapp - INFO - Sent data to Kafka topic 'test-topic' with offset 97.
2024-12-01 10:36:53,810 - myapp - INFO - Stored 'content/the-great-gatsby.txt' in MinIO.
2024-12-01 10:36:53,813 - myapp - INFO - Sent data to Kafka topic 'test-topic' with offset 98.
2024-12-01 10:36:58,692 - myapp - INFO - Stored 'content/the-great-gatsby.txt' in MinIO.
2024-12-01 10:36:58,693 - myapp - INFO - Sent data to Kafka topic 'test-topic' with offset 99.
2024-12-01 10:37:02,868 - myapp - INFO - Stored 'content/romeo-and-juliet.txt' in MinIO.
2024-12-01 10:37:02,869 - myapp - INFO - Sent data to Kafka topic 'test-topic' with offset 100.
2024-12-01 10:37:07,766 - myapp - INFO - Stored 'content/alice-in-wonderland.txt' in MinIO.
2024-12-01 10:37:07,767 - myapp - INFO - Sent data to Kafka topic 'test-topic' with offset 101.
2024-12-01 10:37:08,898 - myapp - INFO - Stored 'content/romeo-and-juliet.txt' in MinIO.
2024-12-01 10:37:08,900 - myapp - INFO - Sent data to Kafka topic 'test-topic' with offset 102.
2024-12-01 10:37:11,308 - myapp - INFO - Stored 'content/romeo-and-juliet.txt' in MinIO.
2024-12-01 10:37:11,310 - myapp - INFO - Sent data to Kafka topic 'test-topic' with offset 103.
2024-12-01 10:37:13,719 - myapp - INFO - Stored 'content/romeo-and-juliet.txt' in MinIO.
2024-12-01 10:37:13,721 - myapp - INFO - Sent data to Kafka topic 'test-topic' with offset 104.
2024-12-01 10:37:18,019 - myapp - INFO - Stored 'content/the-great-gatsby.txt' in MinIO.
2024-12-01 10:37:18,021 - myapp - INFO - Sent data to Kafka topic 'test-topic' with offset 105.
2024-12-01 10:37:20,013 - myapp - INFO - Stored 'content/alice-in-wonderland.txt' in MinIO.
2024-12-01 10:37:20,014 - myapp - INFO - Sent data to Kafka topic 'test-topic' with offset 106.
2024-12-01 10:37:24,662 - myapp - INFO - Stored 'content/the-great-gatsby.txt' in MinIO.
2024-12-01 10:37:24,664 - myapp - INFO - Sent data to Kafka topic 'test-topic' with offset 107.
2024-12-01 10:37:26,238 - myapp - INFO - Stored 'content/the-great-gatsby.txt' in MinIO.
2024-12-01 10:37:26,240 - myapp - INFO - Sent data to Kafka topic 'test-topic' with offset 108.
2024-12-01 10:37:29,859 - myapp - INFO - Stored 'content/romeo-and-juliet.txt' in MinIO.
2024-12-01 10:37:29,861 - myapp - INFO - Sent data to Kafka topic 'test-topic' with offset 109.
2024-12-01 10:37:33,278 - myapp - INFO - Stored 'content/alice-in-wonderland.txt' in MinIO.
2024-12-01 10:37:33,280 - myapp - INFO - Sent data to Kafka topic 'test-topic' with offset 110.
2024-12-01 10:37:36,241 - myapp - INFO - Stored 'content/alice-in-wonderland.txt' in MinIO.
2024-12-01 10:37:36,242 - myapp - INFO - Sent data to Kafka topic 'test-topic' with offset 111.
2024-12-01 10:37:40,972 - myapp - INFO - Stored 'content/romeo-and-juliet.txt' in MinIO.
2024-12-01 10:37:40,974 - myapp - INFO - Sent data to Kafka topic 'test-topic' with offset 112.
2024-12-01 10:37:43,847 - myapp - INFO - Stored 'content/alice-in-wonderland.txt' in MinIO.
2024-12-01 10:37:43,848 - myapp - INFO - Sent data to Kafka topic 'test-topic' with offset 113.
2024-12-01 10:37:50,114 - myapp - INFO - Stored 'content/the-great-gatsby.txt' in MinIO.
2024-12-01 10:37:50,115 - myapp - INFO - Sent data to Kafka topic 'test-topic' with offset 114.
2024-12-01 10:37:52,636 - myapp - INFO - Stored 'content/the-great-gatsby.txt' in MinIO.
2024-12-01 10:37:52,638 - myapp - INFO - Sent data to Kafka topic 'test-topic' with offset 115.
2024-12-01 10:37:55,260 - myapp - INFO - Stored 'content/alice-in-wonderland.txt' in MinIO.
2024-12-01 10:37:55,262 - myapp - INFO - Sent data to Kafka topic 'test-topic' with offset 116.
2024-12-01 10:37:59,725 - myapp - INFO - Stored 'content/romeo-and-juliet.txt' in MinIO.
2024-12-01 10:37:59,726 - myapp - INFO - Sent data to Kafka topic 'test-topic' with offset 117.
2024-12-01 10:38:04,673 - myapp - INFO - Stored 'content/romeo-and-juliet.txt' in MinIO.
2024-12-01 10:38:04,674 - myapp - INFO - Sent data to Kafka topic 'test-topic' with offset 118.
2024-12-01 10:38:06,501 - myapp - INFO - Stored 'content/the-great-gatsby.txt' in MinIO.
2024-12-01 10:38:06,502 - myapp - INFO - Sent data to Kafka topic 'test-topic' with offset 119.
2024-12-01 10:38:10,840 - myapp - INFO - Stored 'content/alice-in-wonderland.txt' in MinIO.
2024-12-01 10:38:10,842 - myapp - INFO - Sent data to Kafka topic 'test-topic' with offset 120.
2024-12-01 10:38:13,804 - myapp - INFO - Stored 'content/the-great-gatsby.txt' in MinIO.
2024-12-01 10:38:13,806 - myapp - INFO - Sent data to Kafka topic 'test-topic' with offset 121.
2024-12-01 10:38:15,509 - myapp - INFO - Stored 'content/the-great-gatsby.txt' in MinIO.
2024-12-01 10:38:15,510 - myapp - INFO - Sent data to Kafka topic 'test-topic' with offset 122.
2024-12-01 10:38:22,819 - myapp - INFO - Stored 'content/romeo-and-juliet.txt' in MinIO.
2024-12-01 10:38:22,821 - myapp - INFO - Sent data to Kafka topic 'test-topic' with offset 123.
2024-12-01 10:38:25,181 - myapp - INFO - Stored 'content/the-great-gatsby.txt' in MinIO.
2024-12-01 10:38:25,183 - myapp - INFO - Sent data to Kafka topic 'test-topic' with offset 124.
2024-12-01 10:38:26,978 - myapp - INFO - Stored 'content/romeo-and-juliet.txt' in MinIO.
2024-12-01 10:38:26,979 - myapp - INFO - Sent data to Kafka topic 'test-topic' with offset 125.
2024-12-01 10:38:28,436 - myapp - INFO - Stored 'content/the-great-gatsby.txt' in MinIO.
2024-12-01 10:38:28,437 - myapp - INFO - Sent data to Kafka topic 'test-topic' with offset 126.
2024-12-01 10:38:30,358 - myapp - INFO - Stored 'content/the-great-gatsby.txt' in MinIO.
2024-12-01 10:38:30,360 - myapp - INFO - Sent data to Kafka topic 'test-topic' with offset 127.
2024-12-01 10:38:31,934 - myapp - INFO - Stored 'content/the-great-gatsby.txt' in MinIO.
2024-12-01 10:38:31,936 - myapp - INFO - Sent data to Kafka topic 'test-topic' with offset 128.
